[debug] [2021-07-07T03:14:26.280Z] ----------------------------------------------------------------------
[debug] [2021-07-07T03:14:26.283Z] Command:       C:\Program Files\nodejs\node.exe C:\Users\ROIN\AppData\Roaming\npm\node_modules\firebase-tools\lib\bin\firebase.js init
[debug] [2021-07-07T03:14:26.283Z] CLI Version:   9.14.0
[debug] [2021-07-07T03:14:26.284Z] Platform:      win32
[debug] [2021-07-07T03:14:26.284Z] Node Version:  v14.17.1
[debug] [2021-07-07T03:14:26.285Z] Time:          Wed Jul 07 2021 10:14:26 GMT+0700 (Indochina Time)
[debug] [2021-07-07T03:14:26.285Z] ----------------------------------------------------------------------
[debug] 
[debug] [2021-07-07T03:14:26.298Z] > command requires scopes: ["email","openid","https://www.googleapis.com/auth/cloudplatformprojects.readonly","https://www.googleapis.com/auth/firebase","https://www.googleapis.com/auth/cloud-platform"]
[debug] [2021-07-07T03:14:26.299Z] > authorizing via signed-in user (peera.na@ku.th)
[info] 
     ######## #### ########  ######## ########     ###     ######  ########
     ##        ##  ##     ## ##       ##     ##  ##   ##  ##       ##
     ######    ##  ########  ######   ########  #########  ######  ######
     ##        ##  ##    ##  ##       ##     ## ##     ##       ## ##
     ##       #### ##     ## ######## ########  ##     ##  ######  ########

You're about to initialize a Firebase project in this directory:

  C:\Users\ROIN\source\repos\NewRepo

[info] 
=== Project Setup
[info] 
[info] First, let's associate this project directory with a Firebase project.
[info] You can create multiple project aliases by running firebase use --add, 
[info] but for now we'll just set up a default project.
[info] 
[debug] [2021-07-07T03:14:37.341Z] > refreshing access token with scopes: []
[debug] [2021-07-07T03:14:37.341Z] >>> HTTP REQUEST POST https://www.googleapis.com/oauth2/v3/token  
 <request body omitted>
[debug] [2021-07-07T03:14:37.491Z] <<< HTTP RESPONSE 200 {"date":"Wed, 07 Jul 2021 03:14:38 GMT","pragma":"no-cache","expires":"Mon, 01 Jan 1990 00:00:00 GMT","cache-control":"no-cache, no-store, max-age=0, must-revalidate","content-type":"application/json; charset=utf-8","vary":"X-Origin, Referer, Origin,Accept-Encoding","server":"scaffolding on HTTPServer2","x-xss-protection":"0","x-frame-options":"SAMEORIGIN","x-content-type-options":"nosniff","alt-svc":"h3=\":443\"; ma=2592000,h3-29=\":443\"; ma=2592000,h3-T051=\":443\"; ma=2592000,h3-Q050=\":443\"; ma=2592000,h3-Q046=\":443\"; ma=2592000,h3-Q043=\":443\"; ma=2592000,quic=\":443\"; ma=2592000; v=\"46,43\"","accept-ranges":"none","transfer-encoding":"chunked"}
[debug] [2021-07-07T03:14:37.543Z] >>> [apiv2][query] GET https://firebase.googleapis.com/v1beta1/availableProjects pageSize=100
[debug] [2021-07-07T03:14:38.722Z] <<< [apiv2][status] GET https://firebase.googleapis.com/v1beta1/availableProjects 200
[debug] [2021-07-07T03:14:38.723Z] <<< [apiv2][body] GET https://firebase.googleapis.com/v1beta1/availableProjects [omitted]
